INFO:werkzeug:[31m[1mWARNING: This is a development server. Do not use it in a production deployment. Use a production WSGI server instead.[0m
 * Running on http://127.0.0.1:5000
INFO:werkzeug:[33mPress CTRL+C to quit[0m
INFO:root:Открывал главную страницу
ERROR:app:Exception on / [GET]
Traceback (most recent call last):
  File "/Users/fokinmane/PycharmProjects/Homework12/venv/lib/python3.8/site-packages/flask/app.py", line 2525, in wsgi_app
    response = self.full_dispatch_request()
  File "/Users/fokinmane/PycharmProjects/Homework12/venv/lib/python3.8/site-packages/flask/app.py", line 1822, in full_dispatch_request
    rv = self.handle_user_exception(e)
  File "/Users/fokinmane/PycharmProjects/Homework12/venv/lib/python3.8/site-packages/flask/app.py", line 1820, in full_dispatch_request
    rv = self.dispatch_request()
  File "/Users/fokinmane/PycharmProjects/Homework12/venv/lib/python3.8/site-packages/flask/app.py", line 1796, in dispatch_request
    return self.ensure_sync(self.view_functions[rule.endpoint])(**view_args)
  File "/Users/fokinmane/PycharmProjects/Homework12/main/views.py", line 12, in main_page
    return render_template('index.html')
  File "/Users/fokinmane/PycharmProjects/Homework12/venv/lib/python3.8/site-packages/flask/templating.py", line 146, in render_template
    template = app.jinja_env.get_or_select_template(template_name_or_list)
  File "/Users/fokinmane/PycharmProjects/Homework12/venv/lib/python3.8/site-packages/jinja2/environment.py", line 1081, in get_or_select_template
    return self.get_template(template_name_or_list, parent, globals)
  File "/Users/fokinmane/PycharmProjects/Homework12/venv/lib/python3.8/site-packages/jinja2/environment.py", line 1010, in get_template
    return self._load_template(name, globals)
  File "/Users/fokinmane/PycharmProjects/Homework12/venv/lib/python3.8/site-packages/jinja2/environment.py", line 969, in _load_template
    template = self.loader.load(self, name, self.make_globals(globals))
  File "/Users/fokinmane/PycharmProjects/Homework12/venv/lib/python3.8/site-packages/jinja2/loaders.py", line 126, in load
    source, filename, uptodate = self.get_source(environment, name)
  File "/Users/fokinmane/PycharmProjects/Homework12/venv/lib/python3.8/site-packages/flask/templating.py", line 62, in get_source
    return self._get_source_fast(environment, template)
  File "/Users/fokinmane/PycharmProjects/Homework12/venv/lib/python3.8/site-packages/flask/templating.py", line 98, in _get_source_fast
    raise TemplateNotFound(template)
jinja2.exceptions.TemplateNotFound: index.html
INFO:werkzeug:127.0.0.1 - - [15/Jan/2023 21:11:38] "[35m[1mGET / HTTP/1.1[0m" 500 -
INFO:werkzeug:127.0.0.1 - - [15/Jan/2023 21:11:38] "[33mGET /favicon.ico HTTP/1.1[0m" 404 -
INFO:werkzeug:[31m[1mWARNING: This is a development server. Do not use it in a production deployment. Use a production WSGI server instead.[0m
 * Running on http://127.0.0.1:5000
INFO:werkzeug:[33mPress CTRL+C to quit[0m
INFO:root:Открывал главную страницу
ERROR:app:Exception on / [GET]
Traceback (most recent call last):
  File "/Users/fokinmane/PycharmProjects/Homework12/venv/lib/python3.8/site-packages/flask/app.py", line 2525, in wsgi_app
    response = self.full_dispatch_request()
  File "/Users/fokinmane/PycharmProjects/Homework12/venv/lib/python3.8/site-packages/flask/app.py", line 1822, in full_dispatch_request
    rv = self.handle_user_exception(e)
  File "/Users/fokinmane/PycharmProjects/Homework12/venv/lib/python3.8/site-packages/flask/app.py", line 1820, in full_dispatch_request
    rv = self.dispatch_request()
  File "/Users/fokinmane/PycharmProjects/Homework12/venv/lib/python3.8/site-packages/flask/app.py", line 1796, in dispatch_request
    return self.ensure_sync(self.view_functions[rule.endpoint])(**view_args)
  File "/Users/fokinmane/PycharmProjects/Homework12/main/views.py", line 12, in main_page
    return render_template('index.html')
  File "/Users/fokinmane/PycharmProjects/Homework12/venv/lib/python3.8/site-packages/flask/templating.py", line 146, in render_template
    template = app.jinja_env.get_or_select_template(template_name_or_list)
  File "/Users/fokinmane/PycharmProjects/Homework12/venv/lib/python3.8/site-packages/jinja2/environment.py", line 1081, in get_or_select_template
    return self.get_template(template_name_or_list, parent, globals)
  File "/Users/fokinmane/PycharmProjects/Homework12/venv/lib/python3.8/site-packages/jinja2/environment.py", line 1010, in get_template
    return self._load_template(name, globals)
  File "/Users/fokinmane/PycharmProjects/Homework12/venv/lib/python3.8/site-packages/jinja2/environment.py", line 969, in _load_template
    template = self.loader.load(self, name, self.make_globals(globals))
  File "/Users/fokinmane/PycharmProjects/Homework12/venv/lib/python3.8/site-packages/jinja2/loaders.py", line 126, in load
    source, filename, uptodate = self.get_source(environment, name)
  File "/Users/fokinmane/PycharmProjects/Homework12/venv/lib/python3.8/site-packages/flask/templating.py", line 62, in get_source
    return self._get_source_fast(environment, template)
  File "/Users/fokinmane/PycharmProjects/Homework12/venv/lib/python3.8/site-packages/flask/templating.py", line 98, in _get_source_fast
    raise TemplateNotFound(template)
jinja2.exceptions.TemplateNotFound: index.html
INFO:werkzeug:127.0.0.1 - - [15/Jan/2023 21:31:21] "[35m[1mGET / HTTP/1.1[0m" 500 -
INFO:werkzeug:[31m[1mWARNING: This is a development server. Do not use it in a production deployment. Use a production WSGI server instead.[0m
 * Running on http://127.0.0.1:5000
INFO:werkzeug:[33mPress CTRL+C to quit[0m
INFO:root:Открывал главную страницу
ERROR:app:Exception on / [GET]
Traceback (most recent call last):
  File "/Users/fokinmane/PycharmProjects/Homework12/venv/lib/python3.8/site-packages/flask/app.py", line 2525, in wsgi_app
    response = self.full_dispatch_request()
  File "/Users/fokinmane/PycharmProjects/Homework12/venv/lib/python3.8/site-packages/flask/app.py", line 1822, in full_dispatch_request
    rv = self.handle_user_exception(e)
  File "/Users/fokinmane/PycharmProjects/Homework12/venv/lib/python3.8/site-packages/flask/app.py", line 1820, in full_dispatch_request
    rv = self.dispatch_request()
  File "/Users/fokinmane/PycharmProjects/Homework12/venv/lib/python3.8/site-packages/flask/app.py", line 1796, in dispatch_request
    return self.ensure_sync(self.view_functions[rule.endpoint])(**view_args)
  File "/Users/fokinmane/PycharmProjects/Homework12/main/views.py", line 12, in main_page
    return render_template('index.html')
  File "/Users/fokinmane/PycharmProjects/Homework12/venv/lib/python3.8/site-packages/flask/templating.py", line 146, in render_template
    template = app.jinja_env.get_or_select_template(template_name_or_list)
  File "/Users/fokinmane/PycharmProjects/Homework12/venv/lib/python3.8/site-packages/jinja2/environment.py", line 1081, in get_or_select_template
    return self.get_template(template_name_or_list, parent, globals)
  File "/Users/fokinmane/PycharmProjects/Homework12/venv/lib/python3.8/site-packages/jinja2/environment.py", line 1010, in get_template
    return self._load_template(name, globals)
  File "/Users/fokinmane/PycharmProjects/Homework12/venv/lib/python3.8/site-packages/jinja2/environment.py", line 969, in _load_template
    template = self.loader.load(self, name, self.make_globals(globals))
  File "/Users/fokinmane/PycharmProjects/Homework12/venv/lib/python3.8/site-packages/jinja2/loaders.py", line 126, in load
    source, filename, uptodate = self.get_source(environment, name)
  File "/Users/fokinmane/PycharmProjects/Homework12/venv/lib/python3.8/site-packages/flask/templating.py", line 62, in get_source
    return self._get_source_fast(environment, template)
  File "/Users/fokinmane/PycharmProjects/Homework12/venv/lib/python3.8/site-packages/flask/templating.py", line 98, in _get_source_fast
    raise TemplateNotFound(template)
jinja2.exceptions.TemplateNotFound: index.html
INFO:werkzeug:127.0.0.1 - - [15/Jan/2023 21:32:48] "[35m[1mGET / HTTP/1.1[0m" 500 -
INFO:werkzeug:[31m[1mWARNING: This is a development server. Do not use it in a production deployment. Use a production WSGI server instead.[0m
 * Running on http://127.0.0.1:5000
INFO:werkzeug:[33mPress CTRL+C to quit[0m
INFO:root:Открывал главную страницу
INFO:werkzeug:127.0.0.1 - - [15/Jan/2023 21:43:14] "GET / HTTP/1.1" 200 -
INFO:werkzeug:127.0.0.1 - - [15/Jan/2023 21:43:14] "GET /static/style.css HTTP/1.1" 200 -
INFO:root:Выполнял поиск
INFO:werkzeug:127.0.0.1 - - [15/Jan/2023 21:43:18] "GET /search?s=ы HTTP/1.1" 200 -
INFO:werkzeug:127.0.0.1 - - [15/Jan/2023 21:43:18] "[36mGET /static/style.css HTTP/1.1[0m" 304 -
